<?xml version="1.0" encoding="utf-8"?><testsuites name="pytest tests"><testsuite name="pytest" errors="0" failures="0" skipped="0" tests="16" time="57.570" timestamp="2026-03-19T17:01:53.841795+00:00" hostname="agent-env-6629c625-2274-4602-b81c-940f60efaa77"><testcase classname="tests.test_peace_within_api.TestAuth" name="test_register_new_user" time="0.534" /><testcase classname="tests.test_peace_within_api.TestAuth" name="test_register_duplicate_email" time="0.489" /><testcase classname="tests.test_peace_within_api.TestAuth" name="test_login_success" time="0.638" /><testcase classname="tests.test_peace_within_api.TestAuth" name="test_login_invalid_credentials" time="0.141" /><testcase classname="tests.test_peace_within_api.TestUserProfile" name="test_get_profile" time="0.515" /><testcase classname="tests.test_peace_within_api.TestUserProfile" name="test_profile_without_auth" time="0.140" /><testcase classname="tests.test_peace_within_api.TestAffirmation" name="test_get_daily_affirmation" time="5.762" /><testcase classname="tests.test_peace_within_api.TestMoodCheckin" name="test_create_mood_checkin" time="8.666" /><testcase classname="tests.test_peace_within_api.TestMoodCheckin" name="test_create_checkin_invalid_mood" time="0.494" /><testcase classname="tests.test_peace_within_api.TestMoodCheckin" name="test_get_checkins_list" time="8.998" /><testcase classname="tests.test_peace_within_api.TestChat" name="test_send_chat_message" time="5.327" /><testcase classname="tests.test_peace_within_api.TestChat" name="test_get_chat_sessions" time="3.969" /><testcase classname="tests.test_peace_within_api.TestChat" name="test_get_chat_history" time="1.715" /><testcase classname="tests.test_peace_within_api.TestProgress" name="test_get_progress_empty" time="0.445" /><testcase classname="tests.test_peace_within_api.TestProgress" name="test_get_progress_with_data" time="18.551" /><testcase classname="tests.test_peace_within_api.TestSubscription" name="test_create_checkout_session" time="1.135" /></testsuite></testsuites>